nohup: embet: No such file or directory
nohup: embet: No such file or directory
The option '--evniroment' is not registered with the serve command. Run `ember serve --help` for a list of supported options.

/Users/alfredyang/Desktop/code/dongda/bmsaas/mirage/mirage/config.js
  4:41  error  'request' is defined but never used  no-unused-vars

✖ 1 problem (1 error, 0 warnings)


/Users/alfredyang/Desktop/code/dongda/bmsaas/mirage/mirage/factories/bmbrand.js
  1:19  error  'faker' is defined but never used  no-unused-vars

✖ 1 problem (1 error, 0 warnings)


/Users/alfredyang/Desktop/code/dongda/bmsaas/app/components/left-menu-item.js
  11:13  error  Use closure actions, unless you need bubbling  ember/closure-actions

✖ 1 problem (1 error, 0 warnings)


/Users/alfredyang/Desktop/code/dongda/bmsaas/app/components/left-menu.js
  5:5  error  Only string, number, symbol, boolean, null, undefined, and function are allowed as default properties  ember/avoid-leaking-state-in-ember-objects

✖ 1 problem (1 error, 0 warnings)


/Users/alfredyang/Desktop/code/dongda/bmsaas/app/components/mail-processing-pop-ups.js
   8:13  error  Unexpected console statement  no-console
  13:13  error  Unexpected console statement  no-console

✖ 2 problems (2 errors, 0 warnings)


/Users/alfredyang/Desktop/code/dongda/bmsaas/app/components/region-choose.js
   7:13  error  Use closure actions, unless you need bubbling  ember/closure-actions
  10:13  error  Use closure actions, unless you need bubbling  ember/closure-actions
  13:13  error  Use closure actions, unless you need bubbling  ember/closure-actions

✖ 3 problems (3 errors, 0 warnings)


/Users/alfredyang/Desktop/code/dongda/bmsaas/app/controllers/detail/experience.js
  2:10  error  'computed' is defined but never used  no-unused-vars

✖ 1 problem (1 error, 0 warnings)


/Users/alfredyang/Desktop/code/dongda/bmsaas/app/controllers/edit/brand.js
  11:13  error  Unexpected console statement  no-console

✖ 1 problem (1 error, 0 warnings)


/Users/alfredyang/Desktop/code/dongda/bmsaas/app/controllers/edit/course-reserve.js
   5:5   error  Only string, number, symbol, boolean, null, undefined, and function are allowed as default properties  ember/avoid-leaking-state-in-ember-objects
   6:5   error  Only string, number, symbol, boolean, null, undefined, and function are allowed as default properties  ember/avoid-leaking-state-in-ember-objects
  12:13  error  Unexpected console statement                                                                           no-console

✖ 3 problems (3 errors, 0 warnings)


/Users/alfredyang/Desktop/code/dongda/bmsaas/app/controllers/edit/course.js
  16:5   error  Only string, number, symbol, boolean, null, undefined, and function are allowed as default properties  ember/avoid-leaking-state-in-ember-objects
  17:5   error  Only string, number, symbol, boolean, null, undefined, and function are allowed as default properties  ember/avoid-leaking-state-in-ember-objects
  23:13  error  Unexpected console statement                                                                           no-console

✖ 3 problems (3 errors, 0 warnings)


/Users/alfredyang/Desktop/code/dongda/bmsaas/app/controllers/edit/experience.js
   64:13  error  Unexpected console statement                                                                           no-console
  100:5   error  Only string, number, symbol, boolean, null, undefined, and function are allowed as default properties  ember/avoid-leaking-state-in-ember-objects
  102:5   error  Only string, number, symbol, boolean, null, undefined, and function are allowed as default properties  ember/avoid-leaking-state-in-ember-objects
  103:5   error  Only string, number, symbol, boolean, null, undefined, and function are allowed as default properties  ember/avoid-leaking-state-in-ember-objects
  104:5   error  Only string, number, symbol, boolean, null, undefined, and function are allowed as default properties  ember/avoid-leaking-state-in-ember-objects

✖ 5 problems (5 errors, 0 warnings)


/Users/alfredyang/Desktop/code/dongda/bmsaas/app/controllers/edit/stud.js
  30:13  error  Unexpected console statement  no-console

✖ 1 problem (1 error, 0 warnings)


/Users/alfredyang/Desktop/code/dongda/bmsaas/app/controllers/edit/tech.js
  17:13  error  Unexpected console statement  no-console

✖ 1 problem (1 error, 0 warnings)


/Users/alfredyang/Desktop/code/dongda/bmsaas/app/controllers/edit/yard.js
  22:13  error  Unexpected console statement  no-console

✖ 1 problem (1 error, 0 warnings)


/Users/alfredyang/Desktop/code/dongda/bmsaas/app/controllers/stud.js
  2:8  error  'EmberObject' is defined but never used  no-unused-vars

✖ 1 problem (1 error, 0 warnings)


/Users/alfredyang/Desktop/code/dongda/bmsaas/app/models/bmyard.js
  15:14  error  Use brace expansion  ember/use-brace-expansion

✖ 1 problem (1 error, 0 warnings)


/Users/alfredyang/Desktop/code/dongda/bmsaas/app/router.js
  40:3  error  Unexpected capital letter in route's name  ember/no-capital-letters-in-routes
  41:3  error  Unexpected capital letter in route's name  ember/no-capital-letters-in-routes
  42:3  error  Unexpected capital letter in route's name  ember/no-capital-letters-in-routes

✖ 3 problems (3 errors, 0 warnings)


/Users/alfredyang/Desktop/code/dongda/bmsaas/app/routes/classes.js
  3:10  error  'computed' is defined but never used  no-unused-vars

✖ 1 problem (1 error, 0 warnings)


/Users/alfredyang/Desktop/code/dongda/bmsaas/app/routes/course-reserve.js
  3:10  error  'computed' is defined but never used  no-unused-vars

✖ 1 problem (1 error, 0 warnings)


/Users/alfredyang/Desktop/code/dongda/bmsaas/app/routes/course.js
  3:10  error  'computed' is defined but never used  no-unused-vars

✖ 1 problem (1 error, 0 warnings)


/Users/alfredyang/Desktop/code/dongda/bmsaas/app/routes/detail/actarrangement.js
  3:10  error  'computed' is defined but never used  no-unused-vars

✖ 1 problem (1 error, 0 warnings)


/Users/alfredyang/Desktop/code/dongda/bmsaas/app/routes/detail/classes.js
  3:10  error  'computed' is defined but never used  no-unused-vars

✖ 1 problem (1 error, 0 warnings)


/Users/alfredyang/Desktop/code/dongda/bmsaas/app/routes/detail/course.js
  3:10  error  'computed' is defined but never used  no-unused-vars

✖ 1 problem (1 error, 0 warnings)


/Users/alfredyang/Desktop/code/dongda/bmsaas/app/routes/detail/experience.js
  3:10  error  'computed' is defined but never used  no-unused-vars

✖ 1 problem (1 error, 0 warnings)


/Users/alfredyang/Desktop/code/dongda/bmsaas/app/routes/detail/stud.js
  3:10  error  'computed' is defined but never used  no-unused-vars

✖ 1 problem (1 error, 0 warnings)


/Users/alfredyang/Desktop/code/dongda/bmsaas/app/routes/detail/tech.js
  3:10  error  'computed' is defined but never used  no-unused-vars

✖ 1 problem (1 error, 0 warnings)


/Users/alfredyang/Desktop/code/dongda/bmsaas/app/routes/detail/yard.js
  3:10  error  'computed' is defined but never used  no-unused-vars

✖ 1 problem (1 error, 0 warnings)


/Users/alfredyang/Desktop/code/dongda/bmsaas/app/routes/edit/course-reserve.js
  3:10  error  'computed' is defined but never used  no-unused-vars

✖ 1 problem (1 error, 0 warnings)


/Users/alfredyang/Desktop/code/dongda/bmsaas/app/routes/edit/course.js
  3:10  error  'computed' is defined but never used  no-unused-vars

✖ 1 problem (1 error, 0 warnings)


/Users/alfredyang/Desktop/code/dongda/bmsaas/app/routes/edit/experience.js
  3:10  error  'computed' is defined but never used  no-unused-vars

✖ 1 problem (1 error, 0 warnings)


/Users/alfredyang/Desktop/code/dongda/bmsaas/app/routes/edit/session.js
  3:10  error  'computed' is defined but never used  no-unused-vars

✖ 1 problem (1 error, 0 warnings)


/Users/alfredyang/Desktop/code/dongda/bmsaas/app/routes/edit/stud.js
  3:10  error  'computed' is defined but never used  no-unused-vars

✖ 1 problem (1 error, 0 warnings)


/Users/alfredyang/Desktop/code/dongda/bmsaas/app/routes/edit/tech.js
  3:10  error  'computed' is defined but never used  no-unused-vars

✖ 1 problem (1 error, 0 warnings)


/Users/alfredyang/Desktop/code/dongda/bmsaas/app/routes/edit/yard.js
  3:10  error  'computed' is defined but never used  no-unused-vars

✖ 1 problem (1 error, 0 warnings)


/Users/alfredyang/Desktop/code/dongda/bmsaas/app/routes/experience-open.js
  3:10  error  'computed' is defined but never used  no-unused-vars

✖ 1 problem (1 error, 0 warnings)


/Users/alfredyang/Desktop/code/dongda/bmsaas/app/routes/stud.js
  3:10  error  'computed' is defined but never used  no-unused-vars

✖ 1 problem (1 error, 0 warnings)


/Users/alfredyang/Desktop/code/dongda/bmsaas/app/routes/tech.js
  3:10  error  'computed' is defined but never used  no-unused-vars

✖ 1 problem (1 error, 0 warnings)


/Users/alfredyang/Desktop/code/dongda/bmsaas/app/routes/yard.js
  3:10  error  'computed' is defined but never used  no-unused-vars

✖ 1 problem (1 error, 0 warnings)


/Users/alfredyang/Desktop/code/dongda/bmsaas/app/services/mock-data.js
  452:9  error  Unexpected console statement  no-console
  467:9  error  Unexpected console statement  no-console
  483:9  error  Unexpected console statement  no-console
  592:9  error  Unexpected console statement  no-console
  606:9  error  Unexpected console statement  no-console

✖ 5 problems (5 errors, 0 warnings)


Build successful (13177ms) – Serving on http://localhost:8080/



Slowest Nodes (totalTime => 5% )              | Total (avg)         
----------------------------------------------+---------------------
SassCompiler (1)                              | 5192ms              
broccoli-persistent-filter:EslintValid... (3) | 1437ms (479 ms)     
Package /assets/vendor.js (1)                 | 1167ms              
broccoli-persistent-filter:SimpleReplace (3)  | 834ms (278 ms)      

cleaning up...
nohup: embet: No such file or directory
The option '--evniroment' is not registered with the serve command. Run `ember serve --help` for a list of supported options.

/Users/alfredyang/Desktop/code/dongda/bmsaas/mirage/mirage/config.js
  4:41  error  'request' is defined but never used  no-unused-vars

✖ 1 problem (1 error, 0 warnings)


/Users/alfredyang/Desktop/code/dongda/bmsaas/mirage/mirage/factories/bmbrand.js
  1:19  error  'faker' is defined but never used  no-unused-vars

✖ 1 problem (1 error, 0 warnings)


/Users/alfredyang/Desktop/code/dongda/bmsaas/app/components/left-menu-item.js
  11:13  error  Use closure actions, unless you need bubbling  ember/closure-actions

✖ 1 problem (1 error, 0 warnings)


/Users/alfredyang/Desktop/code/dongda/bmsaas/app/components/left-menu.js
  5:5  error  Only string, number, symbol, boolean, null, undefined, and function are allowed as default properties  ember/avoid-leaking-state-in-ember-objects

✖ 1 problem (1 error, 0 warnings)


/Users/alfredyang/Desktop/code/dongda/bmsaas/app/components/mail-processing-pop-ups.js
   8:13  error  Unexpected console statement  no-console
  13:13  error  Unexpected console statement  no-console

✖ 2 problems (2 errors, 0 warnings)


/Users/alfredyang/Desktop/code/dongda/bmsaas/app/components/region-choose.js
   7:13  error  Use closure actions, unless you need bubbling  ember/closure-actions
  10:13  error  Use closure actions, unless you need bubbling  ember/closure-actions
  13:13  error  Use closure actions, unless you need bubbling  ember/closure-actions

✖ 3 problems (3 errors, 0 warnings)


/Users/alfredyang/Desktop/code/dongda/bmsaas/app/controllers/detail/experience.js
  2:10  error  'computed' is defined but never used  no-unused-vars

✖ 1 problem (1 error, 0 warnings)


/Users/alfredyang/Desktop/code/dongda/bmsaas/app/controllers/edit/brand.js
  11:13  error  Unexpected console statement  no-console

✖ 1 problem (1 error, 0 warnings)


/Users/alfredyang/Desktop/code/dongda/bmsaas/app/controllers/edit/course-reserve.js
   5:5   error  Only string, number, symbol, boolean, null, undefined, and function are allowed as default properties  ember/avoid-leaking-state-in-ember-objects
   6:5   error  Only string, number, symbol, boolean, null, undefined, and function are allowed as default properties  ember/avoid-leaking-state-in-ember-objects
  12:13  error  Unexpected console statement                                                                           no-console

✖ 3 problems (3 errors, 0 warnings)


/Users/alfredyang/Desktop/code/dongda/bmsaas/app/controllers/edit/course.js
  16:5   error  Only string, number, symbol, boolean, null, undefined, and function are allowed as default properties  ember/avoid-leaking-state-in-ember-objects
  17:5   error  Only string, number, symbol, boolean, null, undefined, and function are allowed as default properties  ember/avoid-leaking-state-in-ember-objects
  23:13  error  Unexpected console statement                                                                           no-console

✖ 3 problems (3 errors, 0 warnings)


/Users/alfredyang/Desktop/code/dongda/bmsaas/app/controllers/edit/experience.js
   64:13  error  Unexpected console statement                                                                           no-console
  100:5   error  Only string, number, symbol, boolean, null, undefined, and function are allowed as default properties  ember/avoid-leaking-state-in-ember-objects
  102:5   error  Only string, number, symbol, boolean, null, undefined, and function are allowed as default properties  ember/avoid-leaking-state-in-ember-objects
  103:5   error  Only string, number, symbol, boolean, null, undefined, and function are allowed as default properties  ember/avoid-leaking-state-in-ember-objects
  104:5   error  Only string, number, symbol, boolean, null, undefined, and function are allowed as default properties  ember/avoid-leaking-state-in-ember-objects

✖ 5 problems (5 errors, 0 warnings)


/Users/alfredyang/Desktop/code/dongda/bmsaas/app/controllers/edit/stud.js
  30:13  error  Unexpected console statement  no-console

✖ 1 problem (1 error, 0 warnings)


/Users/alfredyang/Desktop/code/dongda/bmsaas/app/controllers/edit/tech.js
  17:13  error  Unexpected console statement  no-console

✖ 1 problem (1 error, 0 warnings)


/Users/alfredyang/Desktop/code/dongda/bmsaas/app/controllers/edit/yard.js
  22:13  error  Unexpected console statement  no-console

✖ 1 problem (1 error, 0 warnings)


/Users/alfredyang/Desktop/code/dongda/bmsaas/app/controllers/stud.js
  2:8  error  'EmberObject' is defined but never used  no-unused-vars

✖ 1 problem (1 error, 0 warnings)


/Users/alfredyang/Desktop/code/dongda/bmsaas/app/models/bmyard.js
  15:14  error  Use brace expansion  ember/use-brace-expansion

✖ 1 problem (1 error, 0 warnings)


/Users/alfredyang/Desktop/code/dongda/bmsaas/app/router.js
  40:3  error  Unexpected capital letter in route's name  ember/no-capital-letters-in-routes
  41:3  error  Unexpected capital letter in route's name  ember/no-capital-letters-in-routes
  42:3  error  Unexpected capital letter in route's name  ember/no-capital-letters-in-routes

✖ 3 problems (3 errors, 0 warnings)


/Users/alfredyang/Desktop/code/dongda/bmsaas/app/routes/classes.js
  3:10  error  'computed' is defined but never used  no-unused-vars

✖ 1 problem (1 error, 0 warnings)


/Users/alfredyang/Desktop/code/dongda/bmsaas/app/routes/course-reserve.js
  3:10  error  'computed' is defined but never used  no-unused-vars

✖ 1 problem (1 error, 0 warnings)


/Users/alfredyang/Desktop/code/dongda/bmsaas/app/routes/course.js
  3:10  error  'computed' is defined but never used  no-unused-vars

✖ 1 problem (1 error, 0 warnings)


/Users/alfredyang/Desktop/code/dongda/bmsaas/app/routes/detail/actarrangement.js
  3:10  error  'computed' is defined but never used  no-unused-vars

✖ 1 problem (1 error, 0 warnings)


/Users/alfredyang/Desktop/code/dongda/bmsaas/app/routes/detail/classes.js
  3:10  error  'computed' is defined but never used  no-unused-vars

✖ 1 problem (1 error, 0 warnings)


/Users/alfredyang/Desktop/code/dongda/bmsaas/app/routes/detail/course.js
  3:10  error  'computed' is defined but never used  no-unused-vars

✖ 1 problem (1 error, 0 warnings)


/Users/alfredyang/Desktop/code/dongda/bmsaas/app/routes/detail/experience.js
  3:10  error  'computed' is defined but never used  no-unused-vars

✖ 1 problem (1 error, 0 warnings)


/Users/alfredyang/Desktop/code/dongda/bmsaas/app/routes/detail/stud.js
  3:10  error  'computed' is defined but never used  no-unused-vars

✖ 1 problem (1 error, 0 warnings)


/Users/alfredyang/Desktop/code/dongda/bmsaas/app/routes/detail/tech.js
  3:10  error  'computed' is defined but never used  no-unused-vars

✖ 1 problem (1 error, 0 warnings)


/Users/alfredyang/Desktop/code/dongda/bmsaas/app/routes/detail/yard.js
  3:10  error  'computed' is defined but never used  no-unused-vars

✖ 1 problem (1 error, 0 warnings)


/Users/alfredyang/Desktop/code/dongda/bmsaas/app/routes/edit/course-reserve.js
  3:10  error  'computed' is defined but never used  no-unused-vars

✖ 1 problem (1 error, 0 warnings)


/Users/alfredyang/Desktop/code/dongda/bmsaas/app/routes/edit/course.js
  3:10  error  'computed' is defined but never used  no-unused-vars

✖ 1 problem (1 error, 0 warnings)


/Users/alfredyang/Desktop/code/dongda/bmsaas/app/routes/edit/experience.js
  3:10  error  'computed' is defined but never used  no-unused-vars

✖ 1 problem (1 error, 0 warnings)


/Users/alfredyang/Desktop/code/dongda/bmsaas/app/routes/edit/session.js
  3:10  error  'computed' is defined but never used  no-unused-vars

✖ 1 problem (1 error, 0 warnings)


/Users/alfredyang/Desktop/code/dongda/bmsaas/app/routes/edit/stud.js
  3:10  error  'computed' is defined but never used  no-unused-vars

✖ 1 problem (1 error, 0 warnings)


/Users/alfredyang/Desktop/code/dongda/bmsaas/app/routes/edit/tech.js
  3:10  error  'computed' is defined but never used  no-unused-vars

✖ 1 problem (1 error, 0 warnings)


/Users/alfredyang/Desktop/code/dongda/bmsaas/app/routes/edit/yard.js
  3:10  error  'computed' is defined but never used  no-unused-vars

✖ 1 problem (1 error, 0 warnings)


/Users/alfredyang/Desktop/code/dongda/bmsaas/app/routes/experience-open.js
  3:10  error  'computed' is defined but never used  no-unused-vars

✖ 1 problem (1 error, 0 warnings)


/Users/alfredyang/Desktop/code/dongda/bmsaas/app/routes/stud.js
  3:10  error  'computed' is defined but never used  no-unused-vars

✖ 1 problem (1 error, 0 warnings)


/Users/alfredyang/Desktop/code/dongda/bmsaas/app/routes/tech.js
  3:10  error  'computed' is defined but never used  no-unused-vars

✖ 1 problem (1 error, 0 warnings)


/Users/alfredyang/Desktop/code/dongda/bmsaas/app/routes/yard.js
  3:10  error  'computed' is defined but never used  no-unused-vars

✖ 1 problem (1 error, 0 warnings)


/Users/alfredyang/Desktop/code/dongda/bmsaas/app/services/mock-data.js
  452:9  error  Unexpected console statement  no-console
  467:9  error  Unexpected console statement  no-console
  483:9  error  Unexpected console statement  no-console
  592:9  error  Unexpected console statement  no-console
  606:9  error  Unexpected console statement  no-console

✖ 5 problems (5 errors, 0 warnings)


Build successful (12561ms) – Serving on http://localhost:8080/



Slowest Nodes (totalTime => 5% )              | Total (avg)         
----------------------------------------------+---------------------
SassCompiler (1)                              | 4961ms              
broccoli-persistent-filter:EslintValid... (3) | 1295ms (431 ms)     
Package /assets/vendor.js (1)                 | 1198ms              
broccoli-persistent-filter:SimpleReplace (3)  | 755ms (251 ms)      

cleaning up...
The option '--enviroment' is not registered with the serve command. Run `ember serve --help` for a list of supported options.

/Users/alfredyang/Desktop/code/dongda/bmsaas/mirage/mirage/config.js
  4:41  error  'request' is defined but never used  no-unused-vars

✖ 1 problem (1 error, 0 warnings)


/Users/alfredyang/Desktop/code/dongda/bmsaas/mirage/mirage/factories/bmbrand.js
  1:19  error  'faker' is defined but never used  no-unused-vars

✖ 1 problem (1 error, 0 warnings)


/Users/alfredyang/Desktop/code/dongda/bmsaas/app/components/left-menu-item.js
  11:13  error  Use closure actions, unless you need bubbling  ember/closure-actions

✖ 1 problem (1 error, 0 warnings)


/Users/alfredyang/Desktop/code/dongda/bmsaas/app/components/left-menu.js
  5:5  error  Only string, number, symbol, boolean, null, undefined, and function are allowed as default properties  ember/avoid-leaking-state-in-ember-objects

✖ 1 problem (1 error, 0 warnings)


/Users/alfredyang/Desktop/code/dongda/bmsaas/app/components/mail-processing-pop-ups.js
   8:13  error  Unexpected console statement  no-console
  13:13  error  Unexpected console statement  no-console

✖ 2 problems (2 errors, 0 warnings)


/Users/alfredyang/Desktop/code/dongda/bmsaas/app/components/region-choose.js
   7:13  error  Use closure actions, unless you need bubbling  ember/closure-actions
  10:13  error  Use closure actions, unless you need bubbling  ember/closure-actions
  13:13  error  Use closure actions, unless you need bubbling  ember/closure-actions

✖ 3 problems (3 errors, 0 warnings)


/Users/alfredyang/Desktop/code/dongda/bmsaas/app/controllers/detail/experience.js
  2:10  error  'computed' is defined but never used  no-unused-vars

✖ 1 problem (1 error, 0 warnings)


/Users/alfredyang/Desktop/code/dongda/bmsaas/app/controllers/edit/brand.js
  11:13  error  Unexpected console statement  no-console

✖ 1 problem (1 error, 0 warnings)


/Users/alfredyang/Desktop/code/dongda/bmsaas/app/controllers/edit/course-reserve.js
   5:5   error  Only string, number, symbol, boolean, null, undefined, and function are allowed as default properties  ember/avoid-leaking-state-in-ember-objects
   6:5   error  Only string, number, symbol, boolean, null, undefined, and function are allowed as default properties  ember/avoid-leaking-state-in-ember-objects
  12:13  error  Unexpected console statement                                                                           no-console

✖ 3 problems (3 errors, 0 warnings)


/Users/alfredyang/Desktop/code/dongda/bmsaas/app/controllers/edit/course.js
  16:5   error  Only string, number, symbol, boolean, null, undefined, and function are allowed as default properties  ember/avoid-leaking-state-in-ember-objects
  17:5   error  Only string, number, symbol, boolean, null, undefined, and function are allowed as default properties  ember/avoid-leaking-state-in-ember-objects
  23:13  error  Unexpected console statement                                                                           no-console

✖ 3 problems (3 errors, 0 warnings)


/Users/alfredyang/Desktop/code/dongda/bmsaas/app/controllers/edit/experience.js
   64:13  error  Unexpected console statement                                                                           no-console
  100:5   error  Only string, number, symbol, boolean, null, undefined, and function are allowed as default properties  ember/avoid-leaking-state-in-ember-objects
  102:5   error  Only string, number, symbol, boolean, null, undefined, and function are allowed as default properties  ember/avoid-leaking-state-in-ember-objects
  103:5   error  Only string, number, symbol, boolean, null, undefined, and function are allowed as default properties  ember/avoid-leaking-state-in-ember-objects
  104:5   error  Only string, number, symbol, boolean, null, undefined, and function are allowed as default properties  ember/avoid-leaking-state-in-ember-objects

✖ 5 problems (5 errors, 0 warnings)


/Users/alfredyang/Desktop/code/dongda/bmsaas/app/controllers/edit/stud.js
  30:13  error  Unexpected console statement  no-console

✖ 1 problem (1 error, 0 warnings)


/Users/alfredyang/Desktop/code/dongda/bmsaas/app/controllers/edit/tech.js
  17:13  error  Unexpected console statement  no-console

✖ 1 problem (1 error, 0 warnings)


/Users/alfredyang/Desktop/code/dongda/bmsaas/app/controllers/edit/yard.js
  22:13  error  Unexpected console statement  no-console

✖ 1 problem (1 error, 0 warnings)


/Users/alfredyang/Desktop/code/dongda/bmsaas/app/controllers/stud.js
  2:8  error  'EmberObject' is defined but never used  no-unused-vars

✖ 1 problem (1 error, 0 warnings)


/Users/alfredyang/Desktop/code/dongda/bmsaas/app/models/bmyard.js
  15:14  error  Use brace expansion  ember/use-brace-expansion

✖ 1 problem (1 error, 0 warnings)


/Users/alfredyang/Desktop/code/dongda/bmsaas/app/router.js
  40:3  error  Unexpected capital letter in route's name  ember/no-capital-letters-in-routes
  41:3  error  Unexpected capital letter in route's name  ember/no-capital-letters-in-routes
  42:3  error  Unexpected capital letter in route's name  ember/no-capital-letters-in-routes

✖ 3 problems (3 errors, 0 warnings)


/Users/alfredyang/Desktop/code/dongda/bmsaas/app/routes/classes.js
  3:10  error  'computed' is defined but never used  no-unused-vars

✖ 1 problem (1 error, 0 warnings)


/Users/alfredyang/Desktop/code/dongda/bmsaas/app/routes/course-reserve.js
  3:10  error  'computed' is defined but never used  no-unused-vars

✖ 1 problem (1 error, 0 warnings)


/Users/alfredyang/Desktop/code/dongda/bmsaas/app/routes/course.js
  3:10  error  'computed' is defined but never used  no-unused-vars

✖ 1 problem (1 error, 0 warnings)


/Users/alfredyang/Desktop/code/dongda/bmsaas/app/routes/detail/actarrangement.js
  3:10  error  'computed' is defined but never used  no-unused-vars

✖ 1 problem (1 error, 0 warnings)


/Users/alfredyang/Desktop/code/dongda/bmsaas/app/routes/detail/classes.js
  3:10  error  'computed' is defined but never used  no-unused-vars

✖ 1 problem (1 error, 0 warnings)


/Users/alfredyang/Desktop/code/dongda/bmsaas/app/routes/detail/course.js
  3:10  error  'computed' is defined but never used  no-unused-vars

✖ 1 problem (1 error, 0 warnings)


/Users/alfredyang/Desktop/code/dongda/bmsaas/app/routes/detail/experience.js
  3:10  error  'computed' is defined but never used  no-unused-vars

✖ 1 problem (1 error, 0 warnings)


/Users/alfredyang/Desktop/code/dongda/bmsaas/app/routes/detail/stud.js
  3:10  error  'computed' is defined but never used  no-unused-vars

✖ 1 problem (1 error, 0 warnings)


/Users/alfredyang/Desktop/code/dongda/bmsaas/app/routes/detail/tech.js
  3:10  error  'computed' is defined but never used  no-unused-vars

✖ 1 problem (1 error, 0 warnings)


/Users/alfredyang/Desktop/code/dongda/bmsaas/app/routes/detail/yard.js
  3:10  error  'computed' is defined but never used  no-unused-vars

✖ 1 problem (1 error, 0 warnings)


/Users/alfredyang/Desktop/code/dongda/bmsaas/app/routes/edit/course-reserve.js
  3:10  error  'computed' is defined but never used  no-unused-vars

✖ 1 problem (1 error, 0 warnings)


/Users/alfredyang/Desktop/code/dongda/bmsaas/app/routes/edit/course.js
  3:10  error  'computed' is defined but never used  no-unused-vars

✖ 1 problem (1 error, 0 warnings)


/Users/alfredyang/Desktop/code/dongda/bmsaas/app/routes/edit/experience.js
  3:10  error  'computed' is defined but never used  no-unused-vars

✖ 1 problem (1 error, 0 warnings)


/Users/alfredyang/Desktop/code/dongda/bmsaas/app/routes/edit/session.js
  3:10  error  'computed' is defined but never used  no-unused-vars

✖ 1 problem (1 error, 0 warnings)


/Users/alfredyang/Desktop/code/dongda/bmsaas/app/routes/edit/stud.js
  3:10  error  'computed' is defined but never used  no-unused-vars

✖ 1 problem (1 error, 0 warnings)


/Users/alfredyang/Desktop/code/dongda/bmsaas/app/routes/edit/tech.js
  3:10  error  'computed' is defined but never used  no-unused-vars

✖ 1 problem (1 error, 0 warnings)


/Users/alfredyang/Desktop/code/dongda/bmsaas/app/routes/edit/yard.js
  3:10  error  'computed' is defined but never used  no-unused-vars

✖ 1 problem (1 error, 0 warnings)


/Users/alfredyang/Desktop/code/dongda/bmsaas/app/routes/experience-open.js
  3:10  error  'computed' is defined but never used  no-unused-vars

✖ 1 problem (1 error, 0 warnings)


/Users/alfredyang/Desktop/code/dongda/bmsaas/app/routes/stud.js
  3:10  error  'computed' is defined but never used  no-unused-vars

✖ 1 problem (1 error, 0 warnings)


/Users/alfredyang/Desktop/code/dongda/bmsaas/app/routes/tech.js
  3:10  error  'computed' is defined but never used  no-unused-vars

✖ 1 problem (1 error, 0 warnings)


/Users/alfredyang/Desktop/code/dongda/bmsaas/app/routes/yard.js
  3:10  error  'computed' is defined but never used  no-unused-vars

✖ 1 problem (1 error, 0 warnings)


/Users/alfredyang/Desktop/code/dongda/bmsaas/app/services/mock-data.js
  452:9  error  Unexpected console statement  no-console
  467:9  error  Unexpected console statement  no-console
  483:9  error  Unexpected console statement  no-console
  592:9  error  Unexpected console statement  no-console
  606:9  error  Unexpected console statement  no-console

✖ 5 problems (5 errors, 0 warnings)


Build successful (12687ms) – Serving on http://localhost:8080/



Slowest Nodes (totalTime => 5% )              | Total (avg)         
----------------------------------------------+---------------------
SassCompiler (1)                              | 4908ms              
broccoli-persistent-filter:EslintValid... (3) | 1412ms (470 ms)     
Package /assets/vendor.js (1)                 | 1065ms              
broccoli-persistent-filter:SimpleReplace (3)  | 749ms (249 ms)      

cleaning up...
cleaning up...
Build Canceled

